[1674996916.767][INFO]: Starting ChromeDriver 109.0.5414.74 (e7c5703604daa9cc128ccf5a5d3e993513758913-refs/branch-heads/5414@{#1172}) on port 61345
[1674996916.767][INFO]: Please see https://chromedriver.chromium.org/security-considerations for suggestions on keeping ChromeDriver safe.
[1674996917.328][INFO]: [3e630851911cd83cdd327423e49f90b6] COMMAND InitSession {
   "capabilities": {
      "alwaysMatch": {
         "browserName": "chrome",
         "goog:chromeOptions": {
            "args": [ "--start-maximized" ],
            "extensions": [  ]
         },
         "platformName": "any"
      },
      "firstMatch": [ {
      } ]
   },
   "desiredCapabilities": {
      "browserName": "chrome",
      "goog:chromeOptions": {
         "args": [ "--start-maximized" ],
         "extensions": [  ]
      },
      "platform": "ANY",
      "version": ""
   }
}
[1674996917.337][INFO]: [3e630851911cd83cdd327423e49f90b6] RESPONSE InitSession ERROR unknown error: cannot find Chrome binary
Starting Microsoft Edge WebDriver 109.0.1518.70 (f787d2c3a4185501adc55d95d53ce7cf872db7c3) on port 61359
To submit feedback, report a bug, or suggest new features, please visit https://github.com/MicrosoftEdge/EdgeWebDriver

Only local connections are allowed.
Please see https://aka.ms/WebDriverSecurity for suggestions on keeping Microsoft Edge WebDriver safe.

Microsoft Edge WebDriver was started successfully.
